Compiling the CXX compiler identification source file "CMakeCXXCompilerId.cpp" failed.
Compiler: /Library/Developer/CommandLineTools/usr/bin/c++ 
Build flags: 
Id flags:  

The output was:
1
ld: library 'c++' not found
c++: error: linker command failed with exit code 1 (use -v to see invocation)


Determining if the function sgemm_ exists failed with the following output:
Change Dir: /Users/mandukhaialimaa/UWMadison/744/research/quake/build/CMakeFiles/CMakeTmp

Run Build Command(s):/usr/bin/make -f Makefile cmTC_d999d/fast && /Library/Developer/CommandLineTools/usr/bin/make  -f CMakeFiles/cmTC_d999d.dir/build.make CMakeFiles/cmTC_d999d.dir/build
Building CXX object CMakeFiles/cmTC_d999d.dir/CheckFunctionExists.cxx.o
/Library/Developer/CommandLineTools/usr/bin/c++   -DCHECK_FUNCTION_EXISTS=sgemm_ -arch arm64 -isysroot /Library/Developer/CommandLineTools/SDKs/MacOSX15.2.sdk -std=gnu++17 -MD -MT CMakeFiles/cmTC_d999d.dir/CheckFunctionExists.cxx.o -MF CMakeFiles/cmTC_d999d.dir/CheckFunctionExists.cxx.o.d -o CMakeFiles/cmTC_d999d.dir/CheckFunctionExists.cxx.o -c /Users/mandukhaialimaa/UWMadison/744/research/quake/build/CMakeFiles/CheckFunctionExists/CheckFunctionExists.cxx
Linking CXX executable cmTC_d999d
/opt/homebrew/Caskroom/miniconda/base/envs/quake-env/bin/cmake -E cmake_link_script CMakeFiles/cmTC_d999d.dir/link.txt --verbose=1
/Library/Developer/CommandLineTools/usr/bin/c++  -DCHECK_FUNCTION_EXISTS=sgemm_ -arch arm64 -isysroot /Library/Developer/CommandLineTools/SDKs/MacOSX15.2.sdk -Wl,-search_paths_first -Wl,-headerpad_max_install_names CMakeFiles/cmTC_d999d.dir/CheckFunctionExists.cxx.o -o cmTC_d999d 
Undefined symbols for architecture arm64:
  "_sgemm_", referenced from:
      _main in CheckFunctionExists.cxx.o
ld: symbol(s) not found for architecture arm64
c++: error: linker command failed with exit code 1 (use -v to see invocation)
make[1]: *** [cmTC_d999d] Error 1
make: *** [cmTC_d999d/fast] Error 2



Compiling the C compiler identification source file "CMakeCCompilerId.c" failed.
Compiler: /Library/Developer/CommandLineTools/usr/bin/cc 
Build flags: 
Id flags:  

The output was:
1
ld: library 'System' not found
cc: error: linker command failed with exit code 1 (use -v to see invocation)


